Determining if the pthread_create exist failed with the following output:
Change Dir: /home/chenyu/桌面/三维重建/code/3DReconstruction/GMSMatcher/comparison/build/CMakeFiles/CMakeTmp

Run Build Command:"/usr/bin/make" "cmTC_dd6bf/fast"
/usr/bin/make -f CMakeFiles/cmTC_dd6bf.dir/build.make CMakeFiles/cmTC_dd6bf.dir/build
make[1]: Entering directory '/home/chenyu/桌面/三维重建/code/3DReconstruction/GMSMatcher/comparison/build/CMakeFiles/CMakeTmp'
Building C object CMakeFiles/cmTC_dd6bf.dir/CheckSymbolExists.c.o
/usr/bin/cc    -fPIC    -o CMakeFiles/cmTC_dd6bf.dir/CheckSymbolExists.c.o   -c /home/chenyu/桌面/三维重建/code/3DReconstruction/GMSMatcher/comparison/build/CMakeFiles/CMakeTmp/CheckSymbolExists.c
Linking C executable cmTC_dd6bf
/usr/bin/cmake -E cmake_link_script CMakeFiles/cmTC_dd6bf.dir/link.txt --verbose=1
/usr/bin/cc  -fPIC     CMakeFiles/cmTC_dd6bf.dir/CheckSymbolExists.c.o  -o cmTC_dd6bf 
CMakeFiles/cmTC_dd6bf.dir/CheckSymbolExists.c.o：在函数‘main’中：
CheckSymbolExists.c:(.text+0x1b)：对‘pthread_create’未定义的引用
collect2: error: ld returned 1 exit status
CMakeFiles/cmTC_dd6bf.dir/build.make:97: recipe for target 'cmTC_dd6bf' failed
make[1]: *** [cmTC_dd6bf] Error 1
make[1]: Leaving directory '/home/chenyu/桌面/三维重建/code/3DReconstruction/GMSMatcher/comparison/build/CMakeFiles/CMakeTmp'
Makefile:126: recipe for target 'cmTC_dd6bf/fast' failed
make: *** [cmTC_dd6bf/fast] Error 2

File /home/chenyu/桌面/三维重建/code/3DReconstruction/GMSMatcher/comparison/build/CMakeFiles/CMakeTmp/CheckSymbolExists.c:
/* */
#include <pthread.h>

int main(int argc, char** argv)
{
  (void)argv;
#ifndef pthread_create
  return ((int*)(&pthread_create))[argc];
#else
  (void)argc;
  return 0;
#endif
}

Determining if the function pthread_create exists in the pthreads failed with the following output:
Change Dir: /home/chenyu/桌面/三维重建/code/3DReconstruction/GMSMatcher/comparison/build/CMakeFiles/CMakeTmp

Run Build Command:"/usr/bin/make" "cmTC_b05fb/fast"
/usr/bin/make -f CMakeFiles/cmTC_b05fb.dir/build.make CMakeFiles/cmTC_b05fb.dir/build
make[1]: Entering directory '/home/chenyu/桌面/三维重建/code/3DReconstruction/GMSMatcher/comparison/build/CMakeFiles/CMakeTmp'
Building C object CMakeFiles/cmTC_b05fb.dir/CheckFunctionExists.c.o
/usr/bin/cc    -fPIC -DCHECK_FUNCTION_EXISTS=pthread_create   -o CMakeFiles/cmTC_b05fb.dir/CheckFunctionExists.c.o   -c /usr/share/cmake-3.5/Modules/CheckFunctionExists.c
Linking C executable cmTC_b05fb
/usr/bin/cmake -E cmake_link_script CMakeFiles/cmTC_b05fb.dir/link.txt --verbose=1
/usr/bin/cc  -fPIC -DCHECK_FUNCTION_EXISTS=pthread_create    CMakeFiles/cmTC_b05fb.dir/CheckFunctionExists.c.o  -o cmTC_b05fb -lpthreads 
/usr/bin/ld: 找不到 -lpthreads
collect2: error: ld returned 1 exit status
CMakeFiles/cmTC_b05fb.dir/build.make:97: recipe for target 'cmTC_b05fb' failed
make[1]: *** [cmTC_b05fb] Error 1
make[1]: Leaving directory '/home/chenyu/桌面/三维重建/code/3DReconstruction/GMSMatcher/comparison/build/CMakeFiles/CMakeTmp'
Makefile:126: recipe for target 'cmTC_b05fb/fast' failed
make: *** [cmTC_b05fb/fast] Error 2


