The system is: Linux - 5.4.0-80-generic - x86_64
Compiling the C compiler identification source file "CMakeCCompilerId.c" succeeded.
Compiler: /usr/bin/cc 
Build flags: 
Id flags:  

The output was:
0


Compilation of the C compiler identification source "CMakeCCompilerId.c" produced "a.out"

The C compiler identification is GNU, found in "/home/songshu/文档/LearnningNotes/code_snippet/C++/functor/cmake-build-debug/CMakeFiles/3.15.3/CompilerIdC/a.out"

Compiling the CXX compiler identification source file "CMakeCXXCompilerId.cpp" succeeded.
Compiler: /usr/bin/c++ 
Build flags: 
Id flags:  

The output was:
0


Compilation of the CXX compiler identification source "CMakeCXXCompilerId.cpp" produced "a.out"

The CXX compiler identification is GNU, found in "/home/songshu/文档/LearnningNotes/code_snippet/C++/functor/cmake-build-debug/CMakeFiles/3.15.3/CompilerIdCXX/a.out"

Determining if the C compiler works passed with the following output:
Change Dir: /home/songshu/文档/LearnningNotes/code_snippet/C++/functor/cmake-build-debug/CMakeFiles/CMakeTmp

Run Build Command(s):/usr/bin/make cmTC_5ffc7/fast && /usr/bin/make -f CMakeFiles/cmTC_5ffc7.dir/build.make CMakeFiles/cmTC_5ffc7.dir/build
make[1]: 进入目录“/home/songshu/文档/LearnningNotes/code_snippet/C++/functor/cmake-build-debug/CMakeFiles/CMakeTmp”
Building C object CMakeFiles/cmTC_5ffc7.dir/testCCompiler.c.o
/usr/bin/cc    -o CMakeFiles/cmTC_5ffc7.dir/testCCompiler.c.o   -c /home/songshu/文档/LearnningNotes/code_snippet/C++/functor/cmake-build-debug/CMakeFiles/CMakeTmp/testCCompiler.c
Linking C executable cmTC_5ffc7
/home/songshu/JetBrains/apps/CLion/ch-0/193.7288.25/bin/cmake/linux/bin/cmake -E cmake_link_script CMakeFiles/cmTC_5ffc7.dir/link.txt --verbose=1
/usr/bin/cc      CMakeFiles/cmTC_5ffc7.dir/testCCompiler.c.o  -o cmTC_5ffc7 
make[1]: 离开目录“/home/songshu/文档/LearnningNotes/code_snippet/C++/functor/cmake-build-debug/CMakeFiles/CMakeTmp”



Detecting C compiler ABI info compiled with the following output:
Change Dir: /home/songshu/文档/LearnningNotes/code_snippet/C++/functor/cmake-build-debug/CMakeFiles/CMakeTmp

Run Build Command(s):/usr/bin/make cmTC_40de8/fast && /usr/bin/make -f CMakeFiles/cmTC_40de8.dir/build.make CMakeFiles/cmTC_40de8.dir/build
make[1]: Entering directory '/home/songshu/文档/LearnningNotes/code_snippet/C++/functor/cmake-build-debug/CMakeFiles/CMakeTmp'
Building C object CMakeFiles/cmTC_40de8.dir/CMakeCCompilerABI.c.o
/usr/bin/cc   -v -o CMakeFiles/cmTC_40de8.dir/CMakeCCompilerABI.c.o   -c /home/songshu/JetBrains/apps/CLion/ch-0/193.7288.25/bin/cmake/linux/share/cmake-3.15/Modules/CMakeCCompilerABI.c
Using built-in specs.
COLLECT_GCC=/usr/bin/cc
Target: x86_64-pc-linux-gnu
Configured with: ../configure --prefix=/usr/local/gcc-6.3 --disable-multilib --with-system-zlib --enable-languages=c,c++ --with-gmp=/usr/local/gmp-6.2.0 --with-mpfr=/usr/local/mpfr-4.1.0 --with-mpc=/usr/local/mpc-1.1.0
Thread model: posix
gcc version 6.3.0 (GCC) 
COLLECT_GCC_OPTIONS='-v' '-o' 'CMakeFiles/cmTC_40de8.dir/CMakeCCompilerABI.c.o' '-c' '-mtune=generic' '-march=x86-64'
 /usr/local/gcc-6.3/libexec/gcc/x86_64-pc-linux-gnu/6.3.0/cc1 -quiet -v -imultiarch x86_64-linux-gnu /home/songshu/JetBrains/apps/CLion/ch-0/193.7288.25/bin/cmake/linux/share/cmake-3.15/Modules/CMakeCCompilerABI.c -quiet -dumpbase CMakeCCompilerABI.c -mtune=generic -march=x86-64 -auxbase-strip CMakeFiles/cmTC_40de8.dir/CMakeCCompilerABI.c.o -version -o /tmp/ccM1cW1Y.s
GNU C11 (GCC) version 6.3.0 (x86_64-pc-linux-gnu)
	compiled by GNU C version 6.3.0, GMP version 6.2.0, MPFR version 4.1.0, MPC version 1.2.0, isl version none
warning: GMP header version 6.2.0 differs from library version 6.1.2.
warning: MPFR header version 4.1.0 differs from library version 4.0.1.
warning: MPC header version 1.2.0 differs from library version 1.1.0.
GGC heuristics: --param ggc-min-expand=100 --param ggc-min-heapsize=131072
ignoring nonexistent directory "/usr/local/include/x86_64-linux-gnu"
ignoring nonexistent directory "/usr/local/gcc-6.3/lib/gcc/x86_64-pc-linux-gnu/6.3.0/../../../../x86_64-pc-linux-gnu/include"
#include "..." search starts here:
#include <...> search starts here:
 /usr/local/gcc-6.3/lib/gcc/x86_64-pc-linux-gnu/6.3.0/include
 /usr/local/include
 /usr/local/gcc-6.3/include
 /usr/local/gcc-6.3/lib/gcc/x86_64-pc-linux-gnu/6.3.0/include-fixed
 /usr/include/x86_64-linux-gnu
 /usr/include
End of search list.
GNU C11 (GCC) version 6.3.0 (x86_64-pc-linux-gnu)
	compiled by GNU C version 6.3.0, GMP version 6.2.0, MPFR version 4.1.0, MPC version 1.2.0, isl version none
warning: GMP header version 6.2.0 differs from library version 6.1.2.
warning: MPFR header version 4.1.0 differs from library version 4.0.1.
warning: MPC header version 1.2.0 differs from library version 1.1.0.
GGC heuristics: --param ggc-min-expand=100 --param ggc-min-heapsize=131072
Compiler executable checksum: bf5030219f9135af22983265361454f9
COLLECT_GCC_OPTIONS='-v' '-o' 'CMakeFiles/cmTC_40de8.dir/CMakeCCompilerABI.c.o' '-c' '-mtune=generic' '-march=x86-64'
 as -v --64 -o CMakeFiles/cmTC_40de8.dir/CMakeCCompilerABI.c.o /tmp/ccM1cW1Y.s
GNU assembler version 2.30 (x86_64-linux-gnu) using BFD version (GNU Binutils for Ubuntu) 2.30
COMPILER_PATH=/usr/local/gcc-6.3/libexec/gcc/x86_64-pc-linux-gnu/6.3.0/:/usr/local/gcc-6.3/libexec/gcc/x86_64-pc-linux-gnu/6.3.0/:/usr/local/gcc-6.3/libexec/gcc/x86_64-pc-linux-gnu/:/usr/local/gcc-6.3/lib/gcc/x86_64-pc-linux-gnu/6.3.0/:/usr/local/gcc-6.3/lib/gcc/x86_64-pc-linux-gnu/
LIBRARY_PATH=/usr/local/gcc-6.3/lib/gcc/x86_64-pc-linux-gnu/6.3.0/:/usr/local/gcc-6.3/lib/gcc/x86_64-pc-linux-gnu/6.3.0/../../../../lib64/:/lib/x86_64-linux-gnu/:/lib/../lib64/:/usr/lib/x86_64-linux-gnu/:/usr/local/gcc-6.3/lib/gcc/x86_64-pc-linux-gnu/6.3.0/../../../:/lib/:/usr/lib/
COLLECT_GCC_OPTIONS='-v' '-o' 'CMakeFiles/cmTC_40de8.dir/CMakeCCompilerABI.c.o' '-c' '-mtune=generic' '-march=x86-64'
Linking C executable cmTC_40de8
/home/songshu/JetBrains/apps/CLion/ch-0/193.7288.25/bin/cmake/linux/bin/cmake -E cmake_link_script CMakeFiles/cmTC_40de8.dir/link.txt --verbose=1
/usr/bin/cc     -v CMakeFiles/cmTC_40de8.dir/CMakeCCompilerABI.c.o  -o cmTC_40de8 
Using built-in specs.
COLLECT_GCC=/usr/bin/cc
COLLECT_LTO_WRAPPER=/usr/local/gcc-6.3/libexec/gcc/x86_64-pc-linux-gnu/6.3.0/lto-wrapper
Target: x86_64-pc-linux-gnu
Configured with: ../configure --prefix=/usr/local/gcc-6.3 --disable-multilib --with-system-zlib --enable-languages=c,c++ --with-gmp=/usr/local/gmp-6.2.0 --with-mpfr=/usr/local/mpfr-4.1.0 --with-mpc=/usr/local/mpc-1.1.0
Thread model: posix
gcc version 6.3.0 (GCC) 
COMPILER_PATH=/usr/local/gcc-6.3/libexec/gcc/x86_64-pc-linux-gnu/6.3.0/:/usr/local/gcc-6.3/libexec/gcc/x86_64-pc-linux-gnu/6.3.0/:/usr/local/gcc-6.3/libexec/gcc/x86_64-pc-linux-gnu/:/usr/local/gcc-6.3/lib/gcc/x86_64-pc-linux-gnu/6.3.0/:/usr/local/gcc-6.3/lib/gcc/x86_64-pc-linux-gnu/
LIBRARY_PATH=/usr/local/gcc-6.3/lib/gcc/x86_64-pc-linux-gnu/6.3.0/:/usr/local/gcc-6.3/lib/gcc/x86_64-pc-linux-gnu/6.3.0/../../../../lib64/:/lib/x86_64-linux-gnu/:/lib/../lib64/:/usr/lib/x86_64-linux-gnu/:/usr/local/gcc-6.3/lib/gcc/x86_64-pc-linux-gnu/6.3.0/../../../:/lib/:/usr/lib/
COLLECT_GCC_OPTIONS='-v' '-o' 'cmTC_40de8' '-mtune=generic' '-march=x86-64'
 /usr/local/gcc-6.3/libexec/gcc/x86_64-pc-linux-gnu/6.3.0/collect2 -plugin /usr/local/gcc-6.3/libexec/gcc/x86_64-pc-linux-gnu/6.3.0/liblto_plugin.so -plugin-opt=/usr/local/gcc-6.3/libexec/gcc/x86_64-pc-linux-gnu/6.3.0/lto-wrapper -plugin-opt=-fresolution=/tmp/cc3FbBl1.res -plugin-opt=-pass-through=-lgcc -plugin-opt=-pass-through=-lgcc_s -plugin-opt=-pass-through=-lc -plugin-opt=-pass-through=-lgcc -plugin-opt=-pass-through=-lgcc_s --eh-frame-hdr -m elf_x86_64 -dynamic-linker /lib64/ld-linux-x86-64.so.2 -o cmTC_40de8 /usr/lib/x86_64-linux-gnu/crt1.o /usr/lib/x86_64-linux-gnu/crti.o /usr/local/gcc-6.3/lib/gcc/x86_64-pc-linux-gnu/6.3.0/crtbegin.o -L/usr/local/gcc-6.3/lib/gcc/x86_64-pc-linux-gnu/6.3.0 -L/usr/local/gcc-6.3/lib/gcc/x86_64-pc-linux-gnu/6.3.0/../../../../lib64 -L/lib/x86_64-linux-gnu -L/lib/../lib64 -L/usr/lib/x86_64-linux-gnu -L/usr/local/gcc-6.3/lib/gcc/x86_64-pc-linux-gnu/6.3.0/../../.. CMakeFiles/cmTC_40de8.dir/CMakeCCompilerABI.c.o -lgcc --as-needed -lgcc_s --no-as-needed -lc -lgcc --as-needed -lgcc_s --no-as-needed /usr/local/gcc-6.3/lib/gcc/x86_64-pc-linux-gnu/6.3.0/crtend.o /usr/lib/x86_64-linux-gnu/crtn.o
COLLECT_GCC_OPTIONS='-v' '-o' 'cmTC_40de8' '-mtune=generic' '-march=x86-64'
make[1]: Leaving directory '/home/songshu/文档/LearnningNotes/code_snippet/C++/functor/cmake-build-debug/CMakeFiles/CMakeTmp'



Parsed C implicit include dir info from above output: rv=done
  found start of include info
  found start of implicit include info
    add: [/usr/local/gcc-6.3/lib/gcc/x86_64-pc-linux-gnu/6.3.0/include]
    add: [/usr/local/include]
    add: [/usr/local/gcc-6.3/include]
    add: [/usr/local/gcc-6.3/lib/gcc/x86_64-pc-linux-gnu/6.3.0/include-fixed]
    add: [/usr/include/x86_64-linux-gnu]
    add: [/usr/include]
  end of search list found
  collapse include dir [/usr/local/gcc-6.3/lib/gcc/x86_64-pc-linux-gnu/6.3.0/include] ==> [/usr/local/gcc-6.3/lib/gcc/x86_64-pc-linux-gnu/6.3.0/include]
  collapse include dir [/usr/local/include] ==> [/usr/local/include]
  collapse include dir [/usr/local/gcc-6.3/include] ==> [/usr/local/gcc-6.3/include]
  collapse include dir [/usr/local/gcc-6.3/lib/gcc/x86_64-pc-linux-gnu/6.3.0/include-fixed] ==> [/usr/local/gcc-6.3/lib/gcc/x86_64-pc-linux-gnu/6.3.0/include-fixed]
  collapse include dir [/usr/include/x86_64-linux-gnu] ==> [/usr/include/x86_64-linux-gnu]
  collapse include dir [/usr/include] ==> [/usr/include]
  implicit include dirs: [/usr/local/gcc-6.3/lib/gcc/x86_64-pc-linux-gnu/6.3.0/include;/usr/local/include;/usr/local/gcc-6.3/include;/usr/local/gcc-6.3/lib/gcc/x86_64-pc-linux-gnu/6.3.0/include-fixed;/usr/include/x86_64-linux-gnu;/usr/include]


Parsed C implicit link information from above output:
  link line regex: [^( *|.*[/\])(ld|CMAKE_LINK_STARTFILE-NOTFOUND|([^/\]+-)?ld|collect2)[^/\]*( |$)]
  ignore line: [Change Dir: /home/songshu/文档/LearnningNotes/code_snippet/C++/functor/cmake-build-debug/CMakeFiles/CMakeTmp]
  ignore line: []
  ignore line: [Run Build Command(s):/usr/bin/make cmTC_40de8/fast && /usr/bin/make -f CMakeFiles/cmTC_40de8.dir/build.make CMakeFiles/cmTC_40de8.dir/build]
  ignore line: [make[1]: Entering directory '/home/songshu/文档/LearnningNotes/code_snippet/C++/functor/cmake-build-debug/CMakeFiles/CMakeTmp']
  ignore line: [Building C object CMakeFiles/cmTC_40de8.dir/CMakeCCompilerABI.c.o]
  ignore line: [/usr/bin/cc   -v -o CMakeFiles/cmTC_40de8.dir/CMakeCCompilerABI.c.o   -c /home/songshu/JetBrains/apps/CLion/ch-0/193.7288.25/bin/cmake/linux/share/cmake-3.15/Modules/CMakeCCompilerABI.c]
  ignore line: [Using built-in specs.]
  ignore line: [COLLECT_GCC=/usr/bin/cc]
  ignore line: [Target: x86_64-pc-linux-gnu]
  ignore line: [Configured with: ../configure --prefix=/usr/local/gcc-6.3 --disable-multilib --with-system-zlib --enable-languages=c,c++ --with-gmp=/usr/local/gmp-6.2.0 --with-mpfr=/usr/local/mpfr-4.1.0 --with-mpc=/usr/local/mpc-1.1.0]
  ignore line: [Thread model: posix]
  ignore line: [gcc version 6.3.0 (GCC) ]
  ignore line: [COLLECT_GCC_OPTIONS='-v' '-o' 'CMakeFiles/cmTC_40de8.dir/CMakeCCompilerABI.c.o' '-c' '-mtune=generic' '-march=x86-64']
  ignore line: [ /usr/local/gcc-6.3/libexec/gcc/x86_64-pc-linux-gnu/6.3.0/cc1 -quiet -v -imultiarch x86_64-linux-gnu /home/songshu/JetBrains/apps/CLion/ch-0/193.7288.25/bin/cmake/linux/share/cmake-3.15/Modules/CMakeCCompilerABI.c -quiet -dumpbase CMakeCCompilerABI.c -mtune=generic -march=x86-64 -auxbase-strip CMakeFiles/cmTC_40de8.dir/CMakeCCompilerABI.c.o -version -o /tmp/ccM1cW1Y.s]
  ignore line: [GNU C11 (GCC) version 6.3.0 (x86_64-pc-linux-gnu)]
  ignore line: [	compiled by GNU C version 6.3.0, GMP version 6.2.0, MPFR version 4.1.0, MPC version 1.2.0, isl version none]
  ignore line: [warning: GMP header version 6.2.0 differs from library version 6.1.2.]
  ignore line: [warning: MPFR header version 4.1.0 differs from library version 4.0.1.]
  ignore line: [warning: MPC header version 1.2.0 differs from library version 1.1.0.]
  ignore line: [GGC heuristics: --param ggc-min-expand=100 --param ggc-min-heapsize=131072]
  ignore line: [ignoring nonexistent directory "/usr/local/include/x86_64-linux-gnu"]
  ignore line: [ignoring nonexistent directory "/usr/local/gcc-6.3/lib/gcc/x86_64-pc-linux-gnu/6.3.0/../../../../x86_64-pc-linux-gnu/include"]
  ignore line: [#include "..." search starts here:]
  ignore line: [#include <...> search starts here:]
  ignore line: [ /usr/local/gcc-6.3/lib/gcc/x86_64-pc-linux-gnu/6.3.0/include]
  ignore line: [ /usr/local/include]
  ignore line: [ /usr/local/gcc-6.3/include]
  ignore line: [ /usr/local/gcc-6.3/lib/gcc/x86_64-pc-linux-gnu/6.3.0/include-fixed]
  ignore line: [ /usr/include/x86_64-linux-gnu]
  ignore line: [ /usr/include]
  ignore line: [End of search list.]
  ignore line: [GNU C11 (GCC) version 6.3.0 (x86_64-pc-linux-gnu)]
  ignore line: [	compiled by GNU C version 6.3.0, GMP version 6.2.0, MPFR version 4.1.0, MPC version 1.2.0, isl version none]
  ignore line: [warning: GMP header version 6.2.0 differs from library version 6.1.2.]
  ignore line: [warning: MPFR header version 4.1.0 differs from library version 4.0.1.]
  ignore line: [warning: MPC header version 1.2.0 differs from library version 1.1.0.]
  ignore line: [GGC heuristics: --param ggc-min-expand=100 --param ggc-min-heapsize=131072]
  ignore line: [Compiler executable checksum: bf5030219f9135af22983265361454f9]
  ignore line: [COLLECT_GCC_OPTIONS='-v' '-o' 'CMakeFiles/cmTC_40de8.dir/CMakeCCompilerABI.c.o' '-c' '-mtune=generic' '-march=x86-64']
  ignore line: [ as -v --64 -o CMakeFiles/cmTC_40de8.dir/CMakeCCompilerABI.c.o /tmp/ccM1cW1Y.s]
  ignore line: [GNU assembler version 2.30 (x86_64-linux-gnu) using BFD version (GNU Binutils for Ubuntu) 2.30]
  ignore line: [COMPILER_PATH=/usr/local/gcc-6.3/libexec/gcc/x86_64-pc-linux-gnu/6.3.0/:/usr/local/gcc-6.3/libexec/gcc/x86_64-pc-linux-gnu/6.3.0/:/usr/local/gcc-6.3/libexec/gcc/x86_64-pc-linux-gnu/:/usr/local/gcc-6.3/lib/gcc/x86_64-pc-linux-gnu/6.3.0/:/usr/local/gcc-6.3/lib/gcc/x86_64-pc-linux-gnu/]
  ignore line: [LIBRARY_PATH=/usr/local/gcc-6.3/lib/gcc/x86_64-pc-linux-gnu/6.3.0/:/usr/local/gcc-6.3/lib/gcc/x86_64-pc-linux-gnu/6.3.0/../../../../lib64/:/lib/x86_64-linux-gnu/:/lib/../lib64/:/usr/lib/x86_64-linux-gnu/:/usr/local/gcc-6.3/lib/gcc/x86_64-pc-linux-gnu/6.3.0/../../../:/lib/:/usr/lib/]
  ignore line: [COLLECT_GCC_OPTIONS='-v' '-o' 'CMakeFiles/cmTC_40de8.dir/CMakeCCompilerABI.c.o' '-c' '-mtune=generic' '-march=x86-64']
  ignore line: [Linking C executable cmTC_40de8]
  ignore line: [/home/songshu/JetBrains/apps/CLion/ch-0/193.7288.25/bin/cmake/linux/bin/cmake -E cmake_link_script CMakeFiles/cmTC_40de8.dir/link.txt --verbose=1]
  ignore line: [/usr/bin/cc     -v CMakeFiles/cmTC_40de8.dir/CMakeCCompilerABI.c.o  -o cmTC_40de8 ]
  ignore line: [Using built-in specs.]
  ignore line: [COLLECT_GCC=/usr/bin/cc]
  ignore line: [COLLECT_LTO_WRAPPER=/usr/local/gcc-6.3/libexec/gcc/x86_64-pc-linux-gnu/6.3.0/lto-wrapper]
  ignore line: [Target: x86_64-pc-linux-gnu]
  ignore line: [Configured with: ../configure --prefix=/usr/local/gcc-6.3 --disable-multilib --with-system-zlib --enable-languages=c,c++ --with-gmp=/usr/local/gmp-6.2.0 --with-mpfr=/usr/local/mpfr-4.1.0 --with-mpc=/usr/local/mpc-1.1.0]
  ignore line: [Thread model: posix]
  ignore line: [gcc version 6.3.0 (GCC) ]
  ignore line: [COMPILER_PATH=/usr/local/gcc-6.3/libexec/gcc/x86_64-pc-linux-gnu/6.3.0/:/usr/local/gcc-6.3/libexec/gcc/x86_64-pc-linux-gnu/6.3.0/:/usr/local/gcc-6.3/libexec/gcc/x86_64-pc-linux-gnu/:/usr/local/gcc-6.3/lib/gcc/x86_64-pc-linux-gnu/6.3.0/:/usr/local/gcc-6.3/lib/gcc/x86_64-pc-linux-gnu/]
  ignore line: [LIBRARY_PATH=/usr/local/gcc-6.3/lib/gcc/x86_64-pc-linux-gnu/6.3.0/:/usr/local/gcc-6.3/lib/gcc/x86_64-pc-linux-gnu/6.3.0/../../../../lib64/:/lib/x86_64-linux-gnu/:/lib/../lib64/:/usr/lib/x86_64-linux-gnu/:/usr/local/gcc-6.3/lib/gcc/x86_64-pc-linux-gnu/6.3.0/../../../:/lib/:/usr/lib/]
  ignore line: [COLLECT_GCC_OPTIONS='-v' '-o' 'cmTC_40de8' '-mtune=generic' '-march=x86-64']
  link line: [ /usr/local/gcc-6.3/libexec/gcc/x86_64-pc-linux-gnu/6.3.0/collect2 -plugin /usr/local/gcc-6.3/libexec/gcc/x86_64-pc-linux-gnu/6.3.0/liblto_plugin.so -plugin-opt=/usr/local/gcc-6.3/libexec/gcc/x86_64-pc-linux-gnu/6.3.0/lto-wrapper -plugin-opt=-fresolution=/tmp/cc3FbBl1.res -plugin-opt=-pass-through=-lgcc -plugin-opt=-pass-through=-lgcc_s -plugin-opt=-pass-through=-lc -plugin-opt=-pass-through=-lgcc -plugin-opt=-pass-through=-lgcc_s --eh-frame-hdr -m elf_x86_64 -dynamic-linker /lib64/ld-linux-x86-64.so.2 -o cmTC_40de8 /usr/lib/x86_64-linux-gnu/crt1.o /usr/lib/x86_64-linux-gnu/crti.o /usr/local/gcc-6.3/lib/gcc/x86_64-pc-linux-gnu/6.3.0/crtbegin.o -L/usr/local/gcc-6.3/lib/gcc/x86_64-pc-linux-gnu/6.3.0 -L/usr/local/gcc-6.3/lib/gcc/x86_64-pc-linux-gnu/6.3.0/../../../../lib64 -L/lib/x86_64-linux-gnu -L/lib/../lib64 -L/usr/lib/x86_64-linux-gnu -L/usr/local/gcc-6.3/lib/gcc/x86_64-pc-linux-gnu/6.3.0/../../.. CMakeFiles/cmTC_40de8.dir/CMakeCCompilerABI.c.o -lgcc --as-needed -lgcc_s --no-as-needed -lc -lgcc --as-needed -lgcc_s --no-as-needed /usr/local/gcc-6.3/lib/gcc/x86_64-pc-linux-gnu/6.3.0/crtend.o /usr/lib/x86_64-linux-gnu/crtn.o]
    arg [/usr/local/gcc-6.3/libexec/gcc/x86_64-pc-linux-gnu/6.3.0/collect2] ==> ignore
    arg [-plugin] ==> ignore
    arg [/usr/local/gcc-6.3/libexec/gcc/x86_64-pc-linux-gnu/6.3.0/liblto_plugin.so] ==> ignore
    arg [-plugin-opt=/usr/local/gcc-6.3/libexec/gcc/x86_64-pc-linux-gnu/6.3.0/lto-wrapper] ==> ignore
    arg [-plugin-opt=-fresolution=/tmp/cc3FbBl1.res] ==> ignore
    arg [-plugin-opt=-pass-through=-lgcc] ==> ignore
    arg [-plugin-opt=-pass-through=-lgcc_s] ==> ignore
    arg [-plugin-opt=-pass-through=-lc] ==> ignore
    arg [-plugin-opt=-pass-through=-lgcc] ==> ignore
    arg [-plugin-opt=-pass-through=-lgcc_s] ==> ignore
    arg [--eh-frame-hdr] ==> ignore
    arg [-m] ==> ignore
    arg [elf_x86_64] ==> ignore
    arg [-dynamic-linker] ==> ignore
    arg [/lib64/ld-linux-x86-64.so.2] ==> ignore
    arg [-o] ==> ignore
    arg [cmTC_40de8] ==> ignore
    arg [/usr/lib/x86_64-linux-gnu/crt1.o] ==> ignore
    arg [/usr/lib/x86_64-linux-gnu/crti.o] ==> ignore
    arg [/usr/local/gcc-6.3/lib/gcc/x86_64-pc-linux-gnu/6.3.0/crtbegin.o] ==> ignore
    arg [-L/usr/local/gcc-6.3/lib/gcc/x86_64-pc-linux-gnu/6.3.0] ==> dir [/usr/local/gcc-6.3/lib/gcc/x86_64-pc-linux-gnu/6.3.0]
    arg [-L/usr/local/gcc-6.3/lib/gcc/x86_64-pc-linux-gnu/6.3.0/../../../../lib64] ==> dir [/usr/local/gcc-6.3/lib/gcc/x86_64-pc-linux-gnu/6.3.0/../../../../lib64]
    arg [-L/lib/x86_64-linux-gnu] ==> dir [/lib/x86_64-linux-gnu]
    arg [-L/lib/../lib64] ==> dir [/lib/../lib64]
    arg [-L/usr/lib/x86_64-linux-gnu] ==> dir [/usr/lib/x86_64-linux-gnu]
    arg [-L/usr/local/gcc-6.3/lib/gcc/x86_64-pc-linux-gnu/6.3.0/../../..] ==> dir [/usr/local/gcc-6.3/lib/gcc/x86_64-pc-linux-gnu/6.3.0/../../..]
    arg [CMakeFiles/cmTC_40de8.dir/CMakeCCompilerABI.c.o] ==> ignore
    arg [-lgcc] ==> lib [gcc]
    arg [--as-needed] ==> ignore
    arg [-lgcc_s] ==> lib [gcc_s]
    arg [--no-as-needed] ==> ignore
    arg [-lc] ==> lib [c]
    arg [-lgcc] ==> lib [gcc]
    arg [--as-needed] ==> ignore
    arg [-lgcc_s] ==> lib [gcc_s]
    arg [--no-as-needed] ==> ignore
    arg [/usr/local/gcc-6.3/lib/gcc/x86_64-pc-linux-gnu/6.3.0/crtend.o] ==> ignore
    arg [/usr/lib/x86_64-linux-gnu/crtn.o] ==> ignore
  collapse library dir [/usr/local/gcc-6.3/lib/gcc/x86_64-pc-linux-gnu/6.3.0] ==> [/usr/local/gcc-6.3/lib/gcc/x86_64-pc-linux-gnu/6.3.0]
  collapse library dir [/usr/local/gcc-6.3/lib/gcc/x86_64-pc-linux-gnu/6.3.0/../../../../lib64] ==> [/usr/local/gcc-6.3/lib64]
  collapse library dir [/lib/x86_64-linux-gnu] ==> [/lib/x86_64-linux-gnu]
  collapse library dir [/lib/../lib64] ==> [/lib64]
  collapse library dir [/usr/lib/x86_64-linux-gnu] ==> [/usr/lib/x86_64-linux-gnu]
  collapse library dir [/usr/local/gcc-6.3/lib/gcc/x86_64-pc-linux-gnu/6.3.0/../../..] ==> [/usr/local/gcc-6.3/lib]
  implicit libs: [gcc;gcc_s;c;gcc;gcc_s]
  implicit dirs: [/usr/local/gcc-6.3/lib/gcc/x86_64-pc-linux-gnu/6.3.0;/usr/local/gcc-6.3/lib64;/lib/x86_64-linux-gnu;/lib64;/usr/lib/x86_64-linux-gnu;/usr/local/gcc-6.3/lib]
  implicit fwks: []


Determining if the CXX compiler works passed with the following output:
Change Dir: /home/songshu/文档/LearnningNotes/code_snippet/C++/functor/cmake-build-debug/CMakeFiles/CMakeTmp

Run Build Command(s):/usr/bin/make cmTC_6cc24/fast && /usr/bin/make -f CMakeFiles/cmTC_6cc24.dir/build.make CMakeFiles/cmTC_6cc24.dir/build
make[1]: 进入目录“/home/songshu/文档/LearnningNotes/code_snippet/C++/functor/cmake-build-debug/CMakeFiles/CMakeTmp”
Building CXX object CMakeFiles/cmTC_6cc24.dir/testCXXCompiler.cxx.o
/usr/bin/c++     -o CMakeFiles/cmTC_6cc24.dir/testCXXCompiler.cxx.o -c /home/songshu/文档/LearnningNotes/code_snippet/C++/functor/cmake-build-debug/CMakeFiles/CMakeTmp/testCXXCompiler.cxx
Linking CXX executable cmTC_6cc24
/home/songshu/JetBrains/apps/CLion/ch-0/193.7288.25/bin/cmake/linux/bin/cmake -E cmake_link_script CMakeFiles/cmTC_6cc24.dir/link.txt --verbose=1
/usr/bin/c++       CMakeFiles/cmTC_6cc24.dir/testCXXCompiler.cxx.o  -o cmTC_6cc24 
make[1]: 离开目录“/home/songshu/文档/LearnningNotes/code_snippet/C++/functor/cmake-build-debug/CMakeFiles/CMakeTmp”



Detecting CXX compiler ABI info compiled with the following output:
Change Dir: /home/songshu/文档/LearnningNotes/code_snippet/C++/functor/cmake-build-debug/CMakeFiles/CMakeTmp

Run Build Command(s):/usr/bin/make cmTC_f021f/fast && /usr/bin/make -f CMakeFiles/cmTC_f021f.dir/build.make CMakeFiles/cmTC_f021f.dir/build
make[1]: Entering directory '/home/songshu/文档/LearnningNotes/code_snippet/C++/functor/cmake-build-debug/CMakeFiles/CMakeTmp'
Building CXX object CMakeFiles/cmTC_f021f.dir/CMakeCXXCompilerABI.cpp.o
/usr/bin/c++    -v -o CMakeFiles/cmTC_f021f.dir/CMakeCXXCompilerABI.cpp.o -c /home/songshu/JetBrains/apps/CLion/ch-0/193.7288.25/bin/cmake/linux/share/cmake-3.15/Modules/CMakeCXXCompilerABI.cpp
Using built-in specs.
COLLECT_GCC=/usr/bin/c++
Target: x86_64-linux-gnu
Configured with: ../src/configure -v --with-pkgversion='Ubuntu 5.5.0-12ubuntu1' --with-bugurl=file:///usr/share/doc/gcc-5/README.Bugs --enable-languages=c,ada,c++,go,d,fortran,objc,obj-c++ --prefix=/usr --program-suffix=-5 --enable-shared --enable-linker-build-id --libexecdir=/usr/lib --without-included-gettext --enable-threads=posix --libdir=/usr/lib --enable-nls --with-sysroot=/ --enable-clocale=gnu --enable-libstdcxx-debug --enable-libstdcxx-time=yes --with-default-libstdcxx-abi=new --enable-gnu-unique-object --disable-vtable-verify --enable-libmpx --enable-plugin --enable-default-pie --with-system-zlib --enable-objc-gc --enable-multiarch --disable-werror --with-arch-32=i686 --with-abi=m64 --with-multilib-list=m32,m64,mx32 --enable-multilib --with-tune=generic --enable-checking=release --build=x86_64-linux-gnu --host=x86_64-linux-gnu --target=x86_64-linux-gnu
Thread model: posix
gcc version 5.5.0 20171010 (Ubuntu 5.5.0-12ubuntu1) 
COLLECT_GCC_OPTIONS='-v' '-o' 'CMakeFiles/cmTC_f021f.dir/CMakeCXXCompilerABI.cpp.o' '-c' '-shared-libgcc' '-mtune=generic' '-march=x86-64'
 /usr/lib/gcc/x86_64-linux-gnu/5/cc1plus -quiet -v -imultiarch x86_64-linux-gnu -D_GNU_SOURCE /home/songshu/JetBrains/apps/CLion/ch-0/193.7288.25/bin/cmake/linux/share/cmake-3.15/Modules/CMakeCXXCompilerABI.cpp -quiet -dumpbase CMakeCXXCompilerABI.cpp -mtune=generic -march=x86-64 -auxbase-strip CMakeFiles/cmTC_f021f.dir/CMakeCXXCompilerABI.cpp.o -version -fstack-protector-strong -Wformat -Wformat-security -o /tmp/ccQewJ2o.s
GNU C++ (Ubuntu 5.5.0-12ubuntu1) version 5.5.0 20171010 (x86_64-linux-gnu)
	compiled by GNU C version 5.5.0 20171010, GMP version 6.1.2, MPFR version 4.0.1, MPC version 1.1.0
GGC heuristics: --param ggc-min-expand=100 --param ggc-min-heapsize=131072
ignoring duplicate directory "/usr/include/x86_64-linux-gnu/c++/5"
ignoring nonexistent directory "/usr/local/include/x86_64-linux-gnu"
ignoring nonexistent directory "/usr/lib/gcc/x86_64-linux-gnu/5/../../../../x86_64-linux-gnu/include"
#include "..." search starts here:
#include <...> search starts here:
 /usr/include/c++/5
 /usr/include/x86_64-linux-gnu/c++/5
 /usr/include/c++/5/backward
 /usr/lib/gcc/x86_64-linux-gnu/5/include
 /usr/local/include
 /usr/lib/gcc/x86_64-linux-gnu/5/include-fixed
 /usr/include/x86_64-linux-gnu
 /usr/include
End of search list.
GNU C++ (Ubuntu 5.5.0-12ubuntu1) version 5.5.0 20171010 (x86_64-linux-gnu)
	compiled by GNU C version 5.5.0 20171010, GMP version 6.1.2, MPFR version 4.0.1, MPC version 1.1.0
GGC heuristics: --param ggc-min-expand=100 --param ggc-min-heapsize=131072
Compiler executable checksum: 7502860693407ccc98d9842871193560
COLLECT_GCC_OPTIONS='-v' '-o' 'CMakeFiles/cmTC_f021f.dir/CMakeCXXCompilerABI.cpp.o' '-c' '-shared-libgcc' '-mtune=generic' '-march=x86-64'
 as -v --64 -o CMakeFiles/cmTC_f021f.dir/CMakeCXXCompilerABI.cpp.o /tmp/ccQewJ2o.s
GNU assembler version 2.30 (x86_64-linux-gnu) using BFD version (GNU Binutils for Ubuntu) 2.30
COMPILER_PATH=/usr/lib/gcc/x86_64-linux-gnu/5/:/usr/lib/gcc/x86_64-linux-gnu/5/:/usr/lib/gcc/x86_64-linux-gnu/:/usr/lib/gcc/x86_64-linux-gnu/5/:/usr/lib/gcc/x86_64-linux-gnu/
LIBRARY_PATH=/usr/lib/gcc/x86_64-linux-gnu/5/:/usr/lib/gcc/x86_64-linux-gnu/5/../../../x86_64-linux-gnu/:/usr/lib/gcc/x86_64-linux-gnu/5/../../../../lib/:/lib/x86_64-linux-gnu/:/lib/../lib/:/usr/lib/x86_64-linux-gnu/:/usr/lib/../lib/:/usr/lib/gcc/x86_64-linux-gnu/5/../../../:/lib/:/usr/lib/
COLLECT_GCC_OPTIONS='-v' '-o' 'CMakeFiles/cmTC_f021f.dir/CMakeCXXCompilerABI.cpp.o' '-c' '-shared-libgcc' '-mtune=generic' '-march=x86-64'
Linking CXX executable cmTC_f021f
/home/songshu/JetBrains/apps/CLion/ch-0/193.7288.25/bin/cmake/linux/bin/cmake -E cmake_link_script CMakeFiles/cmTC_f021f.dir/link.txt --verbose=1
/usr/bin/c++      -v CMakeFiles/cmTC_f021f.dir/CMakeCXXCompilerABI.cpp.o  -o cmTC_f021f 
Using built-in specs.
COLLECT_GCC=/usr/bin/c++
COLLECT_LTO_WRAPPER=/usr/lib/gcc/x86_64-linux-gnu/5/lto-wrapper
Target: x86_64-linux-gnu
Configured with: ../src/configure -v --with-pkgversion='Ubuntu 5.5.0-12ubuntu1' --with-bugurl=file:///usr/share/doc/gcc-5/README.Bugs --enable-languages=c,ada,c++,go,d,fortran,objc,obj-c++ --prefix=/usr --program-suffix=-5 --enable-shared --enable-linker-build-id --libexecdir=/usr/lib --without-included-gettext --enable-threads=posix --libdir=/usr/lib --enable-nls --with-sysroot=/ --enable-clocale=gnu --enable-libstdcxx-debug --enable-libstdcxx-time=yes --with-default-libstdcxx-abi=new --enable-gnu-unique-object --disable-vtable-verify --enable-libmpx --enable-plugin --enable-default-pie --with-system-zlib --enable-objc-gc --enable-multiarch --disable-werror --with-arch-32=i686 --with-abi=m64 --with-multilib-list=m32,m64,mx32 --enable-multilib --with-tune=generic --enable-checking=release --build=x86_64-linux-gnu --host=x86_64-linux-gnu --target=x86_64-linux-gnu
Thread model: posix
gcc version 5.5.0 20171010 (Ubuntu 5.5.0-12ubuntu1) 
COMPILER_PATH=/usr/lib/gcc/x86_64-linux-gnu/5/:/usr/lib/gcc/x86_64-linux-gnu/5/:/usr/lib/gcc/x86_64-linux-gnu/:/usr/lib/gcc/x86_64-linux-gnu/5/:/usr/lib/gcc/x86_64-linux-gnu/
LIBRARY_PATH=/usr/lib/gcc/x86_64-linux-gnu/5/:/usr/lib/gcc/x86_64-linux-gnu/5/../../../x86_64-linux-gnu/:/usr/lib/gcc/x86_64-linux-gnu/5/../../../../lib/:/lib/x86_64-linux-gnu/:/lib/../lib/:/usr/lib/x86_64-linux-gnu/:/usr/lib/../lib/:/usr/lib/gcc/x86_64-linux-gnu/5/../../../:/lib/:/usr/lib/
COLLECT_GCC_OPTIONS='-v' '-o' 'cmTC_f021f' '-shared-libgcc' '-mtune=generic' '-march=x86-64'
 /usr/lib/gcc/x86_64-linux-gnu/5/collect2 -plugin /usr/lib/gcc/x86_64-linux-gnu/5/liblto_plugin.so -plugin-opt=/usr/lib/gcc/x86_64-linux-gnu/5/lto-wrapper -plugin-opt=-fresolution=/tmp/ccmWTOQj.res -plugin-opt=-pass-through=-lgcc_s -plugin-opt=-pass-through=-lgcc -plugin-opt=-pass-through=-lc -plugin-opt=-pass-through=-lgcc_s -plugin-opt=-pass-through=-lgcc --sysroot=/ --build-id --eh-frame-hdr -m elf_x86_64 --hash-style=gnu --as-needed -dynamic-linker /lib64/ld-linux-x86-64.so.2 -pie -z now -z relro -o cmTC_f021f /usr/lib/gcc/x86_64-linux-gnu/5/../../../x86_64-linux-gnu/Scrt1.o /usr/lib/gcc/x86_64-linux-gnu/5/../../../x86_64-linux-gnu/crti.o /usr/lib/gcc/x86_64-linux-gnu/5/crtbeginS.o -L/usr/lib/gcc/x86_64-linux-gnu/5 -L/usr/lib/gcc/x86_64-linux-gnu/5/../../../x86_64-linux-gnu -L/usr/lib/gcc/x86_64-linux-gnu/5/../../../../lib -L/lib/x86_64-linux-gnu -L/lib/../lib -L/usr/lib/x86_64-linux-gnu -L/usr/lib/../lib -L/usr/lib/gcc/x86_64-linux-gnu/5/../../.. CMakeFiles/cmTC_f021f.dir/CMakeCXXCompilerABI.cpp.o -lstdc++ -lm -lgcc_s -lgcc -lc -lgcc_s -lgcc /usr/lib/gcc/x86_64-linux-gnu/5/crtend.o /usr/lib/gcc/x86_64-linux-gnu/5/../../../x86_64-linux-gnu/crtn.o
make[1]: Leaving directory '/home/songshu/文档/LearnningNotes/code_snippet/C++/functor/cmake-build-debug/CMakeFiles/CMakeTmp'



Parsed CXX implicit include dir info from above output: rv=done
  found start of include info
  found start of implicit include info
    add: [/usr/include/c++/5]
    add: [/usr/include/x86_64-linux-gnu/c++/5]
    add: [/usr/include/c++/5/backward]
    add: [/usr/lib/gcc/x86_64-linux-gnu/5/include]
    add: [/usr/local/include]
    add: [/usr/lib/gcc/x86_64-linux-gnu/5/include-fixed]
    add: [/usr/include/x86_64-linux-gnu]
    add: [/usr/include]
  end of search list found
  collapse include dir [/usr/include/c++/5] ==> [/usr/include/c++/5]
  collapse include dir [/usr/include/x86_64-linux-gnu/c++/5] ==> [/usr/include/x86_64-linux-gnu/c++/5]
  collapse include dir [/usr/include/c++/5/backward] ==> [/usr/include/c++/5/backward]
  collapse include dir [/usr/lib/gcc/x86_64-linux-gnu/5/include] ==> [/usr/lib/gcc/x86_64-linux-gnu/5/include]
  collapse include dir [/usr/local/include] ==> [/usr/local/include]
  collapse include dir [/usr/lib/gcc/x86_64-linux-gnu/5/include-fixed] ==> [/usr/lib/gcc/x86_64-linux-gnu/5/include-fixed]
  collapse include dir [/usr/include/x86_64-linux-gnu] ==> [/usr/include/x86_64-linux-gnu]
  collapse include dir [/usr/include] ==> [/usr/include]
  implicit include dirs: [/usr/include/c++/5;/usr/include/x86_64-linux-gnu/c++/5;/usr/include/c++/5/backward;/usr/lib/gcc/x86_64-linux-gnu/5/include;/usr/local/include;/usr/lib/gcc/x86_64-linux-gnu/5/include-fixed;/usr/include/x86_64-linux-gnu;/usr/include]


Parsed CXX implicit link information from above output:
  link line regex: [^( *|.*[/\])(ld|CMAKE_LINK_STARTFILE-NOTFOUND|([^/\]+-)?ld|collect2)[^/\]*( |$)]
  ignore line: [Change Dir: /home/songshu/文档/LearnningNotes/code_snippet/C++/functor/cmake-build-debug/CMakeFiles/CMakeTmp]
  ignore line: []
  ignore line: [Run Build Command(s):/usr/bin/make cmTC_f021f/fast && /usr/bin/make -f CMakeFiles/cmTC_f021f.dir/build.make CMakeFiles/cmTC_f021f.dir/build]
  ignore line: [make[1]: Entering directory '/home/songshu/文档/LearnningNotes/code_snippet/C++/functor/cmake-build-debug/CMakeFiles/CMakeTmp']
  ignore line: [Building CXX object CMakeFiles/cmTC_f021f.dir/CMakeCXXCompilerABI.cpp.o]
  ignore line: [/usr/bin/c++    -v -o CMakeFiles/cmTC_f021f.dir/CMakeCXXCompilerABI.cpp.o -c /home/songshu/JetBrains/apps/CLion/ch-0/193.7288.25/bin/cmake/linux/share/cmake-3.15/Modules/CMakeCXXCompilerABI.cpp]
  ignore line: [Using built-in specs.]
  ignore line: [COLLECT_GCC=/usr/bin/c++]
  ignore line: [Target: x86_64-linux-gnu]
  ignore line: [Configured with: ../src/configure -v --with-pkgversion='Ubuntu 5.5.0-12ubuntu1' --with-bugurl=file:///usr/share/doc/gcc-5/README.Bugs --enable-languages=c,ada,c++,go,d,fortran,objc,obj-c++ --prefix=/usr --program-suffix=-5 --enable-shared --enable-linker-build-id --libexecdir=/usr/lib --without-included-gettext --enable-threads=posix --libdir=/usr/lib --enable-nls --with-sysroot=/ --enable-clocale=gnu --enable-libstdcxx-debug --enable-libstdcxx-time=yes --with-default-libstdcxx-abi=new --enable-gnu-unique-object --disable-vtable-verify --enable-libmpx --enable-plugin --enable-default-pie --with-system-zlib --enable-objc-gc --enable-multiarch --disable-werror --with-arch-32=i686 --with-abi=m64 --with-multilib-list=m32,m64,mx32 --enable-multilib --with-tune=generic --enable-checking=release --build=x86_64-linux-gnu --host=x86_64-linux-gnu --target=x86_64-linux-gnu]
  ignore line: [Thread model: posix]
  ignore line: [gcc version 5.5.0 20171010 (Ubuntu 5.5.0-12ubuntu1) ]
  ignore line: [COLLECT_GCC_OPTIONS='-v' '-o' 'CMakeFiles/cmTC_f021f.dir/CMakeCXXCompilerABI.cpp.o' '-c' '-shared-libgcc' '-mtune=generic' '-march=x86-64']
  ignore line: [ /usr/lib/gcc/x86_64-linux-gnu/5/cc1plus -quiet -v -imultiarch x86_64-linux-gnu -D_GNU_SOURCE /home/songshu/JetBrains/apps/CLion/ch-0/193.7288.25/bin/cmake/linux/share/cmake-3.15/Modules/CMakeCXXCompilerABI.cpp -quiet -dumpbase CMakeCXXCompilerABI.cpp -mtune=generic -march=x86-64 -auxbase-strip CMakeFiles/cmTC_f021f.dir/CMakeCXXCompilerABI.cpp.o -version -fstack-protector-strong -Wformat -Wformat-security -o /tmp/ccQewJ2o.s]
  ignore line: [GNU C++ (Ubuntu 5.5.0-12ubuntu1) version 5.5.0 20171010 (x86_64-linux-gnu)]
  ignore line: [	compiled by GNU C version 5.5.0 20171010, GMP version 6.1.2, MPFR version 4.0.1, MPC version 1.1.0]
  ignore line: [GGC heuristics: --param ggc-min-expand=100 --param ggc-min-heapsize=131072]
  ignore line: [ignoring duplicate directory "/usr/include/x86_64-linux-gnu/c++/5"]
  ignore line: [ignoring nonexistent directory "/usr/local/include/x86_64-linux-gnu"]
  ignore line: [ignoring nonexistent directory "/usr/lib/gcc/x86_64-linux-gnu/5/../../../../x86_64-linux-gnu/include"]
  ignore line: [#include "..." search starts here:]
  ignore line: [#include <...> search starts here:]
  ignore line: [ /usr/include/c++/5]
  ignore line: [ /usr/include/x86_64-linux-gnu/c++/5]
  ignore line: [ /usr/include/c++/5/backward]
  ignore line: [ /usr/lib/gcc/x86_64-linux-gnu/5/include]
  ignore line: [ /usr/local/include]
  ignore line: [ /usr/lib/gcc/x86_64-linux-gnu/5/include-fixed]
  ignore line: [ /usr/include/x86_64-linux-gnu]
  ignore line: [ /usr/include]
  ignore line: [End of search list.]
  ignore line: [GNU C++ (Ubuntu 5.5.0-12ubuntu1) version 5.5.0 20171010 (x86_64-linux-gnu)]
  ignore line: [	compiled by GNU C version 5.5.0 20171010, GMP version 6.1.2, MPFR version 4.0.1, MPC version 1.1.0]
  ignore line: [GGC heuristics: --param ggc-min-expand=100 --param ggc-min-heapsize=131072]
  ignore line: [Compiler executable checksum: 7502860693407ccc98d9842871193560]
  ignore line: [COLLECT_GCC_OPTIONS='-v' '-o' 'CMakeFiles/cmTC_f021f.dir/CMakeCXXCompilerABI.cpp.o' '-c' '-shared-libgcc' '-mtune=generic' '-march=x86-64']
  ignore line: [ as -v --64 -o CMakeFiles/cmTC_f021f.dir/CMakeCXXCompilerABI.cpp.o /tmp/ccQewJ2o.s]
  ignore line: [GNU assembler version 2.30 (x86_64-linux-gnu) using BFD version (GNU Binutils for Ubuntu) 2.30]
  ignore line: [COMPILER_PATH=/usr/lib/gcc/x86_64-linux-gnu/5/:/usr/lib/gcc/x86_64-linux-gnu/5/:/usr/lib/gcc/x86_64-linux-gnu/:/usr/lib/gcc/x86_64-linux-gnu/5/:/usr/lib/gcc/x86_64-linux-gnu/]
  ignore line: [LIBRARY_PATH=/usr/lib/gcc/x86_64-linux-gnu/5/:/usr/lib/gcc/x86_64-linux-gnu/5/../../../x86_64-linux-gnu/:/usr/lib/gcc/x86_64-linux-gnu/5/../../../../lib/:/lib/x86_64-linux-gnu/:/lib/../lib/:/usr/lib/x86_64-linux-gnu/:/usr/lib/../lib/:/usr/lib/gcc/x86_64-linux-gnu/5/../../../:/lib/:/usr/lib/]
  ignore line: [COLLECT_GCC_OPTIONS='-v' '-o' 'CMakeFiles/cmTC_f021f.dir/CMakeCXXCompilerABI.cpp.o' '-c' '-shared-libgcc' '-mtune=generic' '-march=x86-64']
  ignore line: [Linking CXX executable cmTC_f021f]
  ignore line: [/home/songshu/JetBrains/apps/CLion/ch-0/193.7288.25/bin/cmake/linux/bin/cmake -E cmake_link_script CMakeFiles/cmTC_f021f.dir/link.txt --verbose=1]
  ignore line: [/usr/bin/c++      -v CMakeFiles/cmTC_f021f.dir/CMakeCXXCompilerABI.cpp.o  -o cmTC_f021f ]
  ignore line: [Using built-in specs.]
  ignore line: [COLLECT_GCC=/usr/bin/c++]
  ignore line: [COLLECT_LTO_WRAPPER=/usr/lib/gcc/x86_64-linux-gnu/5/lto-wrapper]
  ignore line: [Target: x86_64-linux-gnu]
  ignore line: [Configured with: ../src/configure -v --with-pkgversion='Ubuntu 5.5.0-12ubuntu1' --with-bugurl=file:///usr/share/doc/gcc-5/README.Bugs --enable-languages=c,ada,c++,go,d,fortran,objc,obj-c++ --prefix=/usr --program-suffix=-5 --enable-shared --enable-linker-build-id --libexecdir=/usr/lib --without-included-gettext --enable-threads=posix --libdir=/usr/lib --enable-nls --with-sysroot=/ --enable-clocale=gnu --enable-libstdcxx-debug --enable-libstdcxx-time=yes --with-default-libstdcxx-abi=new --enable-gnu-unique-object --disable-vtable-verify --enable-libmpx --enable-plugin --enable-default-pie --with-system-zlib --enable-objc-gc --enable-multiarch --disable-werror --with-arch-32=i686 --with-abi=m64 --with-multilib-list=m32,m64,mx32 --enable-multilib --with-tune=generic --enable-checking=release --build=x86_64-linux-gnu --host=x86_64-linux-gnu --target=x86_64-linux-gnu]
  ignore line: [Thread model: posix]
  ignore line: [gcc version 5.5.0 20171010 (Ubuntu 5.5.0-12ubuntu1) ]
  ignore line: [COMPILER_PATH=/usr/lib/gcc/x86_64-linux-gnu/5/:/usr/lib/gcc/x86_64-linux-gnu/5/:/usr/lib/gcc/x86_64-linux-gnu/:/usr/lib/gcc/x86_64-linux-gnu/5/:/usr/lib/gcc/x86_64-linux-gnu/]
  ignore line: [LIBRARY_PATH=/usr/lib/gcc/x86_64-linux-gnu/5/:/usr/lib/gcc/x86_64-linux-gnu/5/../../../x86_64-linux-gnu/:/usr/lib/gcc/x86_64-linux-gnu/5/../../../../lib/:/lib/x86_64-linux-gnu/:/lib/../lib/:/usr/lib/x86_64-linux-gnu/:/usr/lib/../lib/:/usr/lib/gcc/x86_64-linux-gnu/5/../../../:/lib/:/usr/lib/]
  ignore line: [COLLECT_GCC_OPTIONS='-v' '-o' 'cmTC_f021f' '-shared-libgcc' '-mtune=generic' '-march=x86-64']
  link line: [ /usr/lib/gcc/x86_64-linux-gnu/5/collect2 -plugin /usr/lib/gcc/x86_64-linux-gnu/5/liblto_plugin.so -plugin-opt=/usr/lib/gcc/x86_64-linux-gnu/5/lto-wrapper -plugin-opt=-fresolution=/tmp/ccmWTOQj.res -plugin-opt=-pass-through=-lgcc_s -plugin-opt=-pass-through=-lgcc -plugin-opt=-pass-through=-lc -plugin-opt=-pass-through=-lgcc_s -plugin-opt=-pass-through=-lgcc --sysroot=/ --build-id --eh-frame-hdr -m elf_x86_64 --hash-style=gnu --as-needed -dynamic-linker /lib64/ld-linux-x86-64.so.2 -pie -z now -z relro -o cmTC_f021f /usr/lib/gcc/x86_64-linux-gnu/5/../../../x86_64-linux-gnu/Scrt1.o /usr/lib/gcc/x86_64-linux-gnu/5/../../../x86_64-linux-gnu/crti.o /usr/lib/gcc/x86_64-linux-gnu/5/crtbeginS.o -L/usr/lib/gcc/x86_64-linux-gnu/5 -L/usr/lib/gcc/x86_64-linux-gnu/5/../../../x86_64-linux-gnu -L/usr/lib/gcc/x86_64-linux-gnu/5/../../../../lib -L/lib/x86_64-linux-gnu -L/lib/../lib -L/usr/lib/x86_64-linux-gnu -L/usr/lib/../lib -L/usr/lib/gcc/x86_64-linux-gnu/5/../../.. CMakeFiles/cmTC_f021f.dir/CMakeCXXCompilerABI.cpp.o -lstdc++ -lm -lgcc_s -lgcc -lc -lgcc_s -lgcc /usr/lib/gcc/x86_64-linux-gnu/5/crtend.o /usr/lib/gcc/x86_64-linux-gnu/5/../../../x86_64-linux-gnu/crtn.o]
    arg [/usr/lib/gcc/x86_64-linux-gnu/5/collect2] ==> ignore
    arg [-plugin] ==> ignore
    arg [/usr/lib/gcc/x86_64-linux-gnu/5/liblto_plugin.so] ==> ignore
    arg [-plugin-opt=/usr/lib/gcc/x86_64-linux-gnu/5/lto-wrapper] ==> ignore
    arg [-plugin-opt=-fresolution=/tmp/ccmWTOQj.res] ==> ignore
    arg [-plugin-opt=-pass-through=-lgcc_s] ==> ignore
    arg [-plugin-opt=-pass-through=-lgcc] ==> ignore
    arg [-plugin-opt=-pass-through=-lc] ==> ignore
    arg [-plugin-opt=-pass-through=-lgcc_s] ==> ignore
    arg [-plugin-opt=-pass-through=-lgcc] ==> ignore
    arg [--sysroot=/] ==> ignore
    arg [--build-id] ==> ignore
    arg [--eh-frame-hdr] ==> ignore
    arg [-m] ==> ignore
    arg [elf_x86_64] ==> ignore
    arg [--hash-style=gnu] ==> ignore
    arg [--as-needed] ==> ignore
    arg [-dynamic-linker] ==> ignore
    arg [/lib64/ld-linux-x86-64.so.2] ==> ignore
    arg [-pie] ==> ignore
    arg [-znow] ==> ignore
    arg [-zrelro] ==> ignore
    arg [-o] ==> ignore
    arg [cmTC_f021f] ==> ignore
    arg [/usr/lib/gcc/x86_64-linux-gnu/5/../../../x86_64-linux-gnu/Scrt1.o] ==> ignore
    arg [/usr/lib/gcc/x86_64-linux-gnu/5/../../../x86_64-linux-gnu/crti.o] ==> ignore
    arg [/usr/lib/gcc/x86_64-linux-gnu/5/crtbeginS.o] ==> ignore
    arg [-L/usr/lib/gcc/x86_64-linux-gnu/5] ==> dir [/usr/lib/gcc/x86_64-linux-gnu/5]
    arg [-L/usr/lib/gcc/x86_64-linux-gnu/5/../../../x86_64-linux-gnu] ==> dir [/usr/lib/gcc/x86_64-linux-gnu/5/../../../x86_64-linux-gnu]
    arg [-L/usr/lib/gcc/x86_64-linux-gnu/5/../../../../lib] ==> dir [/usr/lib/gcc/x86_64-linux-gnu/5/../../../../lib]
    arg [-L/lib/x86_64-linux-gnu] ==> dir [/lib/x86_64-linux-gnu]
    arg [-L/lib/../lib] ==> dir [/lib/../lib]
    arg [-L/usr/lib/x86_64-linux-gnu] ==> dir [/usr/lib/x86_64-linux-gnu]
    arg [-L/usr/lib/../lib] ==> dir [/usr/lib/../lib]
    arg [-L/usr/lib/gcc/x86_64-linux-gnu/5/../../..] ==> dir [/usr/lib/gcc/x86_64-linux-gnu/5/../../..]
    arg [CMakeFiles/cmTC_f021f.dir/CMakeCXXCompilerABI.cpp.o] ==> ignore
    arg [-lstdc++] ==> lib [stdc++]
    arg [-lm] ==> lib [m]
    arg [-lgcc_s] ==> lib [gcc_s]
    arg [-lgcc] ==> lib [gcc]
    arg [-lc] ==> lib [c]
    arg [-lgcc_s] ==> lib [gcc_s]
    arg [-lgcc] ==> lib [gcc]
    arg [/usr/lib/gcc/x86_64-linux-gnu/5/crtend.o] ==> ignore
    arg [/usr/lib/gcc/x86_64-linux-gnu/5/../../../x86_64-linux-gnu/crtn.o] ==> ignore
  collapse library dir [/usr/lib/gcc/x86_64-linux-gnu/5] ==> [/usr/lib/gcc/x86_64-linux-gnu/5]
  collapse library dir [/usr/lib/gcc/x86_64-linux-gnu/5/../../../x86_64-linux-gnu] ==> [/usr/lib/x86_64-linux-gnu]
  collapse library dir [/usr/lib/gcc/x86_64-linux-gnu/5/../../../../lib] ==> [/usr/lib]
  collapse library dir [/lib/x86_64-linux-gnu] ==> [/lib/x86_64-linux-gnu]
  collapse library dir [/lib/../lib] ==> [/lib]
  collapse library dir [/usr/lib/x86_64-linux-gnu] ==> [/usr/lib/x86_64-linux-gnu]
  collapse library dir [/usr/lib/../lib] ==> [/usr/lib]
  collapse library dir [/usr/lib/gcc/x86_64-linux-gnu/5/../../..] ==> [/usr/lib]
  implicit libs: [stdc++;m;gcc_s;gcc;c;gcc_s;gcc]
  implicit dirs: [/usr/lib/gcc/x86_64-linux-gnu/5;/usr/lib/x86_64-linux-gnu;/usr/lib;/lib/x86_64-linux-gnu;/lib]
  implicit fwks: []


